# JRE version: OpenJDK Runtime Environment Corretto-17.0.9.8.1 (17.0.9+8) (build 17.0.9+8-LTS)
# Java VM: OpenJDK 64-Bit Server VM Corretto-17.0.9.8.1 (17.0.9+8-LTS, mixed mode, emulated-client, sharing, tiered, compressed oops, compressed class ptrs, g1 gc, windows-amd64)
GC Precious Log:
 CPUs: 4 total, 4 available
 Memory: 8130M
 Large Page Support: Disabled
 NUMA Support: Disabled
 Compressed Oops: Enabled (32-bit)
 Heap Region Size: 1M
 Heap Min Capacity: 8M
 Heap Initial Capacity: 128M
 Heap Max Capacity: 2034M
 Pre-touch: Disabled
 Parallel Workers: 4
 Concurrent Workers: 1
 Concurrent Refinement Workers: 4
 Periodic GC: Disabled
Heap:
 garbage-first heap   total 92160K, used 30065K [0x0000000080e00000, 0x0000000100000000)
  region size 1024K, 4 young (4096K), 4 survivors (4096K)
 Metaspace       used 71586K, committed 72192K, reserved 1114112K
  class space    used 10175K, committed 10496K, reserved 1048576K
GC Heap History (20 events):
Event: 4.619 GC heap after
{Heap after GC invocations=16 (full 0):
 garbage-first heap   total 81920K, used 27033K [0x0000000080e00000, 0x0000000100000000)
  region size 1024K, 4 young (4096K), 4 survivors (4096K)
 Metaspace       used 55944K, committed 56576K, reserved 1114112K
  class space    used 8091K, committed 8384K, reserved 1048576K
}
Event: 4.621 GC heap before
{Heap before GC invocations=16 (full 0):
 garbage-first heap   total 81920K, used 28057K [0x0000000080e00000, 0x0000000100000000)
  region size 1024K, 5 young (5120K), 4 survivors (4096K)
 Metaspace       used 55944K, committed 56576K, reserved 1114112K
  class space    used 8091K, committed 8384K, reserved 1048576K
}
Event: 4.624 GC heap after
{Heap after GC invocations=17 (full 0):
 garbage-first heap   total 81920K, used 26921K [0x0000000080e00000, 0x0000000100000000)
  region size 1024K, 1 young (1024K), 1 survivors (1024K)
 Metaspace       used 55944K, committed 56576K, reserved 1114112K
  class space    used 8091K, committed 8384K, reserved 1048576K
}
Event: 4.764 GC heap before
{Heap before GC invocations=17 (full 0):
 garbage-first heap   total 81920K, used 65833K [0x0000000080e00000, 0x0000000100000000)
  region size 1024K, 39 young (39936K), 1 survivors (1024K)
 Metaspace       used 56292K, committed 56896K, reserved 1114112K
  class space    used 8127K, committed 8384K, reserved 1048576K
}
Event: 4.767 GC heap after
{Heap after GC invocations=18 (full 0):
 garbage-first heap   total 205824K, used 27522K [0x0000000080e00000, 0x0000000100000000)
  region size 1024K, 1 young (1024K), 1 survivors (1024K)
 Metaspace       used 56292K, committed 56896K, reserved 1114112K
  class space    used 8127K, committed 8384K, reserved 1048576K
}
Event: 16.653 GC heap before
{Heap before GC invocations=18 (full 0):
 garbage-first heap   total 205824K, used 149378K [0x0000000080e00000, 0x0000000100000000)
  region size 1024K, 120 young (122880K), 1 survivors (1024K)
 Metaspace       used 66741K, committed 67392K, reserved 1114112K
  class space    used 9588K, committed 9856K, reserved 1048576K
}
Event: 16.662 GC heap after
{Heap after GC invocations=19 (full 0):
 garbage-first heap   total 205824K, used 36422K [0x0000000080e00000, 0x0000000100000000)
  region size 1024K, 10 young (10240K), 10 survivors (10240K)
 Metaspace       used 66741K, committed 67392K, reserved 1114112K
  class space    used 9588K, committed 9856K, reserved 1048576K
}
Event: 387.448 GC heap before
{Heap before GC invocations=19 (full 0):
 garbage-first heap   total 205824K, used 122438K [0x0000000080e00000, 0x0000000100000000)
  region size 1024K, 96 young (98304K), 10 survivors (10240K)
 Metaspace       used 70361K, committed 71040K, reserved 1114112K
  class space    used 10109K, committed 10432K, reserved 1048576K
}
Event: 387.489 GC heap after
{Heap after GC invocations=20 (full 1):
 garbage-first heap   total 112640K, used 31137K [0x0000000080e00000, 0x0000000100000000)
  region size 1024K, 0 young (0K), 0 survivors (0K)
 Metaspace       used 70309K, committed 71040K, reserved 1114112K
  class space    used 10101K, committed 10432K, reserved 1048576K
}
Event: 388.108 GC heap before
{Heap before GC invocations=20 (full 1):
 garbage-first heap   total 112640K, used 86433K [0x0000000080e00000, 0x0000000100000000)
  region size 1024K, 55 young (56320K), 0 survivors (0K)
 Metaspace       used 70685K, committed 71424K, reserved 1114112K
  class space    used 10149K, committed 10496K, reserved 1048576K
}
Event: 388.112 GC heap after
{Heap after GC invocations=21 (full 1):
 garbage-first heap   total 112640K, used 35956K [0x0000000080e00000, 0x0000000100000000)
  region size 1024K, 5 young (5120K), 5 survivors (5120K)
 Metaspace       used 70685K, committed 71424K, reserved 1114112K
  class space    used 10149K, committed 10496K, reserved 1048576K
}
Event: 388.433 GC heap before
{Heap before GC invocations=22 (full 1):
 garbage-first heap   total 112640K, used 87156K [0x0000000080e00000, 0x0000000100000000)
  region size 1024K, 55 young (56320K), 5 survivors (5120K)
 Metaspace       used 70772K, committed 71552K, reserved 1114112K
  class space    used 10110K, committed 10496K, reserved 1048576K
}
Event: 388.437 GC heap after
{Heap after GC invocations=23 (full 1):
 garbage-first heap   total 112640K, used 37923K [0x0000000080e00000, 0x0000000100000000)
  region size 1024K, 3 young (3072K), 3 survivors (3072K)
 Metaspace       used 70772K, committed 71552K, reserved 1114112K
  class space    used 10110K, committed 10496K, reserved 1048576K
}
Event: 388.441 GC heap before
{Heap before GC invocations=23 (full 1):
 garbage-first heap   total 112640K, used 39971K [0x0000000080e00000, 0x0000000100000000)
  region size 1024K, 5 young (5120K), 3 survivors (3072K)
 Metaspace       used 70772K, committed 71552K, reserved 1114112K
  class space    used 10110K, committed 10496K, reserved 1048576K
}
Event: 388.443 GC heap after
{Heap after GC invocations=24 (full 1):
 garbage-first heap   total 112640K, used 38480K [0x0000000080e00000, 0x0000000100000000)
  region size 1024K, 1 young (1024K), 1 survivors (1024K)
 Metaspace       used 70772K, committed 71552K, reserved 1114112K
  class space    used 10110K, committed 10496K, reserved 1048576K
}
Event: 388.674 GC heap before
{Heap before GC invocations=24 (full 1):
 garbage-first heap   total 112640K, used 88656K [0x0000000080e00000, 0x0000000100000000)
  region size 1024K, 50 young (51200K), 1 survivors (1024K)
 Metaspace       used 71223K, committed 71936K, reserved 1114112K
  class space    used 10139K, committed 10496K, reserved 1048576K
}
Event: 388.676 GC heap after
{Heap after GC invocations=25 (full 1):
 garbage-first heap   total 112640K, used 39313K [0x0000000080e00000, 0x0000000100000000)
  region size 1024K, 2 young (2048K), 2 survivors (2048K)
 Metaspace       used 71223K, committed 71936K, reserved 1114112K
  class space    used 10139K, committed 10496K, reserved 1048576K
}
Event: 391.446 GC heap before
{Heap before GC invocations=25 (full 1):
 garbage-first heap   total 112640K, used 76177K [0x0000000080e00000, 0x0000000100000000)
  region size 1024K, 39 young (39936K), 2 survivors (2048K)
 Metaspace       used 71344K, committed 72000K, reserved 1114112K
  class space    used 10150K, committed 10496K, reserved 1048576K
}
Event: 391.492 GC heap after
{Heap after GC invocations=26 (full 2):
 garbage-first heap   total 92160K, used 26563K [0x0000000080e00000, 0x0000000100000000)
  region size 1024K, 0 young (0K), 0 survivors (0K)
 Metaspace       used 71270K, committed 72000K, reserved 1114112K
  class space    used 10138K, committed 10496K, reserved 1048576K
}
Event: 391.914 GC heap before
{Heap before GC invocations=26 (full 2):
 garbage-first heap   total 92160K, used 73667K [0x0000000080e00000, 0x0000000100000000)
  region size 1024K, 46 young (47104K), 0 survivors (0K)
 Metaspace       used 71586K, committed 72192K, reserved 1114112K
  class space    used 10175K, committed 10496K, reserved 1048576K
}

