# JRE version: OpenJDK Runtime Environment Corretto-17.0.9.8.1 (17.0.9+8) (build 17.0.9+8-LTS)
# Java VM: OpenJDK 64-Bit Server VM Corretto-17.0.9.8.1 (17.0.9+8-LTS, mixed mode, emulated-client, sharing, tiered, compressed oops, compressed class ptrs, g1 gc, windows-amd64)
GC Precious Log:
 CPUs: 4 total, 4 available
 Memory: 8130M
 Large Page Support: Disabled
 NUMA Support: Disabled
 Compressed Oops: Enabled (32-bit)
 Heap Region Size: 1M
 Heap Min Capacity: 8M
 Heap Initial Capacity: 128M
 Heap Max Capacity: 2034M
 Pre-touch: Disabled
 Parallel Workers: 4
 Concurrent Workers: 1
 Concurrent Refinement Workers: 4
 Periodic GC: Disabled
Heap:
 garbage-first heap   total 109568K, used 43072K [0x0000000080e00000, 0x0000000100000000)
  region size 1024K, 5 young (5120K), 5 survivors (5120K)
 Metaspace       used 86923K, committed 90048K, reserved 1179648K
  class space    used 11611K, committed 12672K, reserved 1048576K
GC Heap History (20 events):
Event: 6130.182 GC heap after
{Heap after GC invocations=318 (full 51):
 garbage-first heap   total 112640K, used 45553K [0x0000000080e00000, 0x0000000100000000)
  region size 1024K, 2 young (2048K), 2 survivors (2048K)
 Metaspace       used 89846K, committed 91264K, reserved 1179648K
  class space    used 11888K, committed 12672K, reserved 1048576K
}
Event: 6130.198 GC heap before
{Heap before GC invocations=318 (full 51):
 garbage-first heap   total 112640K, used 46577K [0x0000000080e00000, 0x0000000100000000)
  region size 1024K, 4 young (4096K), 2 survivors (2048K)
 Metaspace       used 89849K, committed 91264K, reserved 1179648K
  class space    used 11889K, committed 12672K, reserved 1048576K
}
Event: 6130.267 GC heap after
{Heap after GC invocations=319 (full 52):
 garbage-first heap   total 112640K, used 33891K [0x0000000080e00000, 0x0000000100000000)
  region size 1024K, 0 young (0K), 0 survivors (0K)
 Metaspace       used 85497K, committed 90688K, reserved 1179648K
  class space    used 11487K, committed 12672K, reserved 1048576K
}
Event: 6130.842 GC heap before
{Heap before GC invocations=319 (full 52):
 garbage-first heap   total 112640K, used 96355K [0x0000000080e00000, 0x0000000100000000)
  region size 1024K, 62 young (63488K), 0 survivors (0K)
 Metaspace       used 85890K, committed 90688K, reserved 1179648K
  class space    used 11533K, committed 12672K, reserved 1048576K
}
Event: 6130.847 GC heap after
{Heap after GC invocations=320 (full 52):
 garbage-first heap   total 112640K, used 39622K [0x0000000080e00000, 0x0000000100000000)
  region size 1024K, 6 young (6144K), 6 survivors (6144K)
 Metaspace       used 85890K, committed 90688K, reserved 1179648K
  class space    used 11533K, committed 12672K, reserved 1048576K
}
Event: 6131.055 GC heap before
{Heap before GC invocations=320 (full 52):
 garbage-first heap   total 112640K, used 92870K [0x0000000080e00000, 0x0000000100000000)
  region size 1024K, 58 young (59392K), 6 survivors (6144K)
 Metaspace       used 86282K, committed 90688K, reserved 1179648K
  class space    used 11567K, committed 12672K, reserved 1048576K
}
Event: 6131.061 GC heap after
{Heap after GC invocations=321 (full 52):
 garbage-first heap   total 112640K, used 42300K [0x0000000080e00000, 0x0000000100000000)
  region size 1024K, 3 young (3072K), 3 survivors (3072K)
 Metaspace       used 86282K, committed 90688K, reserved 1179648K
  class space    used 11567K, committed 12672K, reserved 1048576K
}
Event: 6131.357 GC heap before
{Heap before GC invocations=321 (full 52):
 garbage-first heap   total 112640K, used 91452K [0x0000000080e00000, 0x0000000100000000)
  region size 1024K, 51 young (52224K), 3 survivors (3072K)
 Metaspace       used 86742K, committed 90688K, reserved 1179648K
  class space    used 11596K, committed 12672K, reserved 1048576K
}
Event: 6131.360 GC heap after
{Heap after GC invocations=322 (full 52):
 garbage-first heap   total 112640K, used 43324K [0x0000000080e00000, 0x0000000100000000)
  region size 1024K, 4 young (4096K), 4 survivors (4096K)
 Metaspace       used 86742K, committed 90688K, reserved 1179648K
  class space    used 11596K, committed 12672K, reserved 1048576K
}
Event: 6146.164 GC heap before
{Heap before GC invocations=322 (full 52):
 garbage-first heap   total 112640K, used 92476K [0x0000000080e00000, 0x0000000100000000)
  region size 1024K, 52 young (53248K), 4 survivors (4096K)
 Metaspace       used 86892K, committed 90688K, reserved 1179648K
  class space    used 11608K, committed 12672K, reserved 1048576K
}
Event: 6146.169 GC heap after
{Heap after GC invocations=323 (full 52):
 garbage-first heap   total 112640K, used 46110K [0x0000000080e00000, 0x0000000100000000)
  region size 1024K, 5 young (5120K), 5 survivors (5120K)
 Metaspace       used 86892K, committed 90688K, reserved 1179648K
  class space    used 11608K, committed 12672K, reserved 1048576K
}
Event: 6153.949 GC heap before
{Heap before GC invocations=323 (full 52):
 garbage-first heap   total 112640K, used 52254K [0x0000000080e00000, 0x0000000100000000)
  region size 1024K, 12 young (12288K), 5 survivors (5120K)
 Metaspace       used 86895K, committed 90688K, reserved 1179648K
  class space    used 11608K, committed 12672K, reserved 1048576K
}
Event: 6154.017 GC heap after
{Heap after GC invocations=324 (full 53):
 garbage-first heap   total 109568K, used 31694K [0x0000000080e00000, 0x0000000100000000)
  region size 1024K, 0 young (0K), 0 survivors (0K)
 Metaspace       used 85472K, committed 90048K, reserved 1179648K
  class space    used 11483K, committed 12672K, reserved 1048576K
}
Event: 6154.710 GC heap before
{Heap before GC invocations=324 (full 53):
 garbage-first heap   total 109568K, used 88014K [0x0000000080e00000, 0x0000000100000000)
  region size 1024K, 56 young (57344K), 0 survivors (0K)
 Metaspace       used 85844K, committed 90048K, reserved 1179648K
  class space    used 11525K, committed 12672K, reserved 1048576K
}
Event: 6154.713 GC heap after
{Heap after GC invocations=325 (full 53):
 garbage-first heap   total 109568K, used 36392K [0x0000000080e00000, 0x0000000100000000)
  region size 1024K, 5 young (5120K), 5 survivors (5120K)
 Metaspace       used 85844K, committed 90048K, reserved 1179648K
  class space    used 11525K, committed 12672K, reserved 1048576K
}
Event: 6154.914 GC heap before
{Heap before GC invocations=325 (full 53):
 garbage-first heap   total 109568K, used 87592K [0x0000000080e00000, 0x0000000100000000)
  region size 1024K, 55 young (56320K), 5 survivors (5120K)
 Metaspace       used 86299K, committed 90048K, reserved 1179648K
  class space    used 11569K, committed 12672K, reserved 1048576K
}
Event: 6154.920 GC heap after
{Heap after GC invocations=326 (full 53):
 garbage-first heap   total 109568K, used 38348K [0x0000000080e00000, 0x0000000100000000)
  region size 1024K, 3 young (3072K), 3 survivors (3072K)
 Metaspace       used 86299K, committed 90048K, reserved 1179648K
  class space    used 11569K, committed 12672K, reserved 1048576K
}
Event: 6155.072 GC heap before
{Heap before GC invocations=326 (full 53):
 garbage-first heap   total 109568K, used 88524K [0x0000000080e00000, 0x0000000100000000)
  region size 1024K, 52 young (53248K), 3 survivors (3072K)
 Metaspace       used 86734K, committed 90048K, reserved 1179648K
  class space    used 11596K, committed 12672K, reserved 1048576K
}
Event: 6155.075 GC heap after
{Heap after GC invocations=327 (full 53):
 garbage-first heap   total 109568K, used 39598K [0x0000000080e00000, 0x0000000100000000)
  region size 1024K, 4 young (4096K), 4 survivors (4096K)
 Metaspace       used 86734K, committed 90048K, reserved 1179648K
  class space    used 11596K, committed 12672K, reserved 1048576K
}
Event: 6159.475 GC heap before
{Heap before GC invocations=327 (full 53):
 garbage-first heap   total 109568K, used 89774K [0x0000000080e00000, 0x0000000100000000)
  region size 1024K, 53 young (54272K), 4 survivors (4096K)
 Metaspace       used 86923K, committed 90048K, reserved 1179648K
  class space    used 11611K, committed 12672K, reserved 1048576K
}

