# JRE version: OpenJDK Runtime Environment Corretto-17.0.9.8.1 (17.0.9+8) (build 17.0.9+8-LTS)
# Java VM: OpenJDK 64-Bit Server VM Corretto-17.0.9.8.1 (17.0.9+8-LTS, mixed mode, emulated-client, sharing, tiered, compressed oops, compressed class ptrs, g1 gc, windows-amd64)
GC Precious Log:
 CPUs: 4 total, 4 available
 Memory: 8130M
 Large Page Support: Disabled
 NUMA Support: Disabled
 Compressed Oops: Enabled (32-bit)
 Heap Region Size: 1M
 Heap Min Capacity: 8M
 Heap Initial Capacity: 128M
 Heap Max Capacity: 2034M
 Pre-touch: Disabled
 Parallel Workers: 4
 Concurrent Workers: 1
 Concurrent Refinement Workers: 4
 Periodic GC: Disabled
Heap:
 garbage-first heap   total 102400K, used 38335K [0x0000000080e00000, 0x0000000100000000)
  region size 1024K, 4 young (4096K), 4 survivors (4096K)
 Metaspace       used 78710K, committed 79872K, reserved 1179648K
  class space    used 10801K, committed 11584K, reserved 1048576K
GC Heap History (20 events):
Event: 2162.269 GC heap after
{Heap after GC invocations=116 (full 12):
 garbage-first heap   total 107520K, used 37929K [0x0000000080e00000, 0x0000000100000000)
  region size 1024K, 4 young (4096K), 4 survivors (4096K)
 Metaspace       used 78715K, committed 80256K, reserved 1179648K
  class space    used 10801K, committed 11584K, reserved 1048576K
}
Event: 2180.486 GC heap before
{Heap before GC invocations=116 (full 12):
 garbage-first heap   total 107520K, used 54313K [0x0000000080e00000, 0x0000000100000000)
  region size 1024K, 21 young (21504K), 4 survivors (4096K)
 Metaspace       used 78718K, committed 80256K, reserved 1179648K
  class space    used 10802K, committed 11584K, reserved 1048576K
}
Event: 2180.538 GC heap after
{Heap after GC invocations=117 (full 13):
 garbage-first heap   total 89088K, used 25571K [0x0000000080e00000, 0x0000000100000000)
  region size 1024K, 0 young (0K), 0 survivors (0K)
 Metaspace       used 77299K, committed 79552K, reserved 1179648K
  class space    used 10673K, committed 11584K, reserved 1048576K
}
Event: 2181.093 GC heap before
{Heap before GC invocations=117 (full 13):
 garbage-first heap   total 89088K, used 72675K [0x0000000080e00000, 0x0000000100000000)
  region size 1024K, 47 young (48128K), 0 survivors (0K)
 Metaspace       used 77625K, committed 79552K, reserved 1179648K
  class space    used 10710K, committed 11584K, reserved 1048576K
}
Event: 2181.096 GC heap after
{Heap after GC invocations=118 (full 13):
 garbage-first heap   total 89088K, used 30142K [0x0000000080e00000, 0x0000000100000000)
  region size 1024K, 5 young (5120K), 5 survivors (5120K)
 Metaspace       used 77625K, committed 79552K, reserved 1179648K
  class space    used 10710K, committed 11584K, reserved 1048576K
}
Event: 2181.426 GC heap before
{Heap before GC invocations=118 (full 13):
 garbage-first heap   total 89088K, used 72126K [0x0000000080e00000, 0x0000000100000000)
  region size 1024K, 46 young (47104K), 5 survivors (5120K)
 Metaspace       used 77977K, committed 79552K, reserved 1179648K
  class space    used 10741K, committed 11584K, reserved 1048576K
}
Event: 2181.431 GC heap after
{Heap after GC invocations=119 (full 13):
 garbage-first heap   total 89088K, used 33175K [0x0000000080e00000, 0x0000000100000000)
  region size 1024K, 4 young (4096K), 4 survivors (4096K)
 Metaspace       used 77977K, committed 79552K, reserved 1179648K
  class space    used 10741K, committed 11584K, reserved 1048576K
}
Event: 2181.620 GC heap before
{Heap before GC invocations=119 (full 13):
 garbage-first heap   total 89088K, used 70039K [0x0000000080e00000, 0x0000000100000000)
  region size 1024K, 40 young (40960K), 4 survivors (4096K)
 Metaspace       used 78144K, committed 79552K, reserved 1179648K
  class space    used 10755K, committed 11584K, reserved 1048576K
}
Event: 2181.623 GC heap after
{Heap after GC invocations=120 (full 13):
 garbage-first heap   total 107520K, used 34248K [0x0000000080e00000, 0x0000000100000000)
  region size 1024K, 2 young (2048K), 2 survivors (2048K)
 Metaspace       used 78144K, committed 79552K, reserved 1179648K
  class space    used 10755K, committed 11584K, reserved 1048576K
}
Event: 2181.882 GC heap before
{Heap before GC invocations=120 (full 13):
 garbage-first heap   total 107520K, used 84424K [0x0000000080e00000, 0x0000000100000000)
  region size 1024K, 51 young (52224K), 2 survivors (2048K)
 Metaspace       used 78621K, committed 79808K, reserved 1179648K
  class space    used 10786K, committed 11584K, reserved 1048576K
}
Event: 2181.884 GC heap after
{Heap after GC invocations=121 (full 13):
 garbage-first heap   total 107520K, used 35741K [0x0000000080e00000, 0x0000000100000000)
  region size 1024K, 3 young (3072K), 3 survivors (3072K)
 Metaspace       used 78621K, committed 79808K, reserved 1179648K
  class space    used 10786K, committed 11584K, reserved 1048576K
}
Event: 2185.643 GC heap before
{Heap before GC invocations=121 (full 13):
 garbage-first heap   total 107520K, used 62365K [0x0000000080e00000, 0x0000000100000000)
  region size 1024K, 30 young (30720K), 3 survivors (3072K)
 Metaspace       used 78624K, committed 79808K, reserved 1179648K
  class space    used 10786K, committed 11584K, reserved 1048576K
}
Event: 2185.698 GC heap after
{Heap after GC invocations=122 (full 14):
 garbage-first heap   total 102400K, used 28613K [0x0000000080e00000, 0x0000000100000000)
  region size 1024K, 0 young (0K), 0 survivors (0K)
 Metaspace       used 77316K, committed 79808K, reserved 1179648K
  class space    used 10678K, committed 11584K, reserved 1048576K
}
Event: 2186.327 GC heap before
{Heap before GC invocations=122 (full 14):
 garbage-first heap   total 102400K, used 80837K [0x0000000080e00000, 0x0000000100000000)
  region size 1024K, 52 young (53248K), 0 survivors (0K)
 Metaspace       used 77639K, committed 79808K, reserved 1179648K
  class space    used 10715K, committed 11584K, reserved 1048576K
}
Event: 2186.330 GC heap after
{Heap after GC invocations=123 (full 14):
 garbage-first heap   total 102400K, used 32593K [0x0000000080e00000, 0x0000000100000000)
  region size 1024K, 4 young (4096K), 4 survivors (4096K)
 Metaspace       used 77639K, committed 79808K, reserved 1179648K
  class space    used 10715K, committed 11584K, reserved 1048576K
}
Event: 2186.596 GC heap before
{Heap before GC invocations=123 (full 14):
 garbage-first heap   total 102400K, used 81745K [0x0000000080e00000, 0x0000000100000000)
  region size 1024K, 52 young (53248K), 4 survivors (4096K)
 Metaspace       used 78116K, committed 79808K, reserved 1179648K
  class space    used 10761K, committed 11584K, reserved 1048576K
}
Event: 2186.601 GC heap after
{Heap after GC invocations=124 (full 14):
 garbage-first heap   total 102400K, used 35423K [0x0000000080e00000, 0x0000000100000000)
  region size 1024K, 4 young (4096K), 4 survivors (4096K)
 Metaspace       used 78116K, committed 79808K, reserved 1179648K
  class space    used 10761K, committed 11584K, reserved 1048576K
}
Event: 2186.807 GC heap before
{Heap before GC invocations=124 (full 14):
 garbage-first heap   total 102400K, used 80479K [0x0000000080e00000, 0x0000000100000000)
  region size 1024K, 48 young (49152K), 4 survivors (4096K)
 Metaspace       used 78424K, committed 79808K, reserved 1179648K
  class space    used 10781K, committed 11584K, reserved 1048576K
}
Event: 2186.809 GC heap after
{Heap after GC invocations=125 (full 14):
 garbage-first heap   total 102400K, used 36269K [0x0000000080e00000, 0x0000000100000000)
  region size 1024K, 4 young (4096K), 4 survivors (4096K)
 Metaspace       used 78424K, committed 79808K, reserved 1179648K
  class space    used 10781K, committed 11584K, reserved 1048576K
}
Event: 2187.137 GC heap before
{Heap before GC invocations=125 (full 14):
 garbage-first heap   total 102400K, used 82349K [0x0000000080e00000, 0x0000000100000000)
  region size 1024K, 49 young (50176K), 4 survivors (4096K)
 Metaspace       used 78710K, committed 79872K, reserved 1179648K
  class space    used 10801K, committed 11584K, reserved 1048576K
}

