# JRE version: OpenJDK Runtime Environment Corretto-17.0.10.7.1 (17.0.10+7) (build 17.0.10+7-LTS)
# Java VM: OpenJDK 64-Bit Server VM Corretto-17.0.10.7.1 (17.0.10+7-LTS, mixed mode, emulated-client, sharing, tiered, compressed oops, compressed class ptrs, g1 gc, windows-amd64)
GC Precious Log:
 CPUs: 4 total, 4 available
 Memory: 8130M
 Large Page Support: Disabled
 NUMA Support: Disabled
 Compressed Oops: Enabled (32-bit)
 Heap Region Size: 1M
 Heap Min Capacity: 8M
 Heap Initial Capacity: 128M
 Heap Max Capacity: 2034M
 Pre-touch: Disabled
 Parallel Workers: 4
 Concurrent Workers: 1
 Concurrent Refinement Workers: 4
 Periodic GC: Disabled
Heap:
 garbage-first heap   total 81920K, used 31279K [0x0000000080e00000, 0x0000000100000000)
  region size 1024K, 2 young (2048K), 2 survivors (2048K)
 Metaspace       used 61178K, committed 61760K, reserved 1114112K
  class space    used 8815K, committed 9088K, reserved 1048576K
GC Heap History (20 events):
Event: 3.061 GC heap after
{Heap after GC invocations=9 (full 0):
 garbage-first heap   total 58368K, used 20480K [0x0000000080e00000, 0x0000000100000000)
  region size 1024K, 4 young (4096K), 4 survivors (4096K)
 Metaspace       used 30729K, committed 31168K, reserved 1114112K
  class space    used 4321K, committed 4544K, reserved 1048576K
}
Event: 3.375 GC heap before
{Heap before GC invocations=9 (full 0):
 garbage-first heap   total 58368K, used 41984K [0x0000000080e00000, 0x0000000100000000)
  region size 1024K, 26 young (26624K), 4 survivors (4096K)
 Metaspace       used 34472K, committed 34880K, reserved 1114112K
  class space    used 4746K, committed 4928K, reserved 1048576K
}
Event: 3.380 GC heap after
{Heap after GC invocations=10 (full 0):
 garbage-first heap   total 81920K, used 22702K [0x0000000080e00000, 0x0000000100000000)
  region size 1024K, 3 young (3072K), 3 survivors (3072K)
 Metaspace       used 34472K, committed 34880K, reserved 1114112K
  class space    used 4746K, committed 4928K, reserved 1048576K
}
Event: 3.555 GC heap before
{Heap before GC invocations=10 (full 0):
 garbage-first heap   total 81920K, used 32942K [0x0000000080e00000, 0x0000000100000000)
  region size 1024K, 14 young (14336K), 3 survivors (3072K)
 Metaspace       used 35689K, committed 36160K, reserved 1114112K
  class space    used 4906K, committed 5120K, reserved 1048576K
}
Event: 3.557 GC heap after
{Heap after GC invocations=11 (full 0):
 garbage-first heap   total 81920K, used 23400K [0x0000000080e00000, 0x0000000100000000)
  region size 1024K, 3 young (3072K), 3 survivors (3072K)
 Metaspace       used 35689K, committed 36160K, reserved 1114112K
  class space    used 4906K, committed 5120K, reserved 1048576K
}
Event: 4.267 GC heap before
{Heap before GC invocations=12 (full 0):
 garbage-first heap   total 81920K, used 63336K [0x0000000080e00000, 0x0000000100000000)
  region size 1024K, 42 young (43008K), 3 survivors (3072K)
 Metaspace       used 44475K, committed 45056K, reserved 1114112K
  class space    used 6260K, committed 6528K, reserved 1048576K
}
Event: 4.271 GC heap after
{Heap after GC invocations=13 (full 0):
 garbage-first heap   total 81920K, used 25428K [0x0000000080e00000, 0x0000000100000000)
  region size 1024K, 5 young (5120K), 5 survivors (5120K)
 Metaspace       used 44475K, committed 45056K, reserved 1114112K
  class space    used 6260K, committed 6528K, reserved 1048576K
}
Event: 4.293 GC heap before
{Heap before GC invocations=13 (full 0):
 garbage-first heap   total 81920K, used 26452K [0x0000000080e00000, 0x0000000100000000)
  region size 1024K, 6 young (6144K), 5 survivors (5120K)
 Metaspace       used 44497K, committed 45056K, reserved 1114112K
  class space    used 6264K, committed 6528K, reserved 1048576K
}
Event: 4.297 GC heap after
{Heap after GC invocations=14 (full 0):
 garbage-first heap   total 81920K, used 25318K [0x0000000080e00000, 0x0000000100000000)
  region size 1024K, 1 young (1024K), 1 survivors (1024K)
 Metaspace       used 44497K, committed 45056K, reserved 1114112K
  class space    used 6264K, committed 6528K, reserved 1048576K
}
Event: 4.898 GC heap before
{Heap before GC invocations=14 (full 0):
 garbage-first heap   total 81920K, used 63206K [0x0000000080e00000, 0x0000000100000000)
  region size 1024K, 38 young (38912K), 1 survivors (1024K)
 Metaspace       used 52919K, committed 53504K, reserved 1114112K
  class space    used 7625K, committed 7872K, reserved 1048576K
}
Event: 4.900 GC heap after
{Heap after GC invocations=15 (full 0):
 garbage-first heap   total 81920K, used 26363K [0x0000000080e00000, 0x0000000100000000)
  region size 1024K, 2 young (2048K), 2 survivors (2048K)
 Metaspace       used 52919K, committed 53504K, reserved 1114112K
  class space    used 7625K, committed 7872K, reserved 1048576K
}
Event: 5.342 GC heap before
{Heap before GC invocations=15 (full 0):
 garbage-first heap   total 81920K, used 64251K [0x0000000080e00000, 0x0000000100000000)
  region size 1024K, 39 young (39936K), 2 survivors (2048K)
 Metaspace       used 57849K, committed 58368K, reserved 1114112K
  class space    used 8302K, committed 8576K, reserved 1048576K
}
Event: 5.346 GC heap after
{Heap after GC invocations=16 (full 0):
 garbage-first heap   total 81920K, used 28307K [0x0000000080e00000, 0x0000000100000000)
  region size 1024K, 4 young (4096K), 4 survivors (4096K)
 Metaspace       used 57849K, committed 58368K, reserved 1114112K
  class space    used 8302K, committed 8576K, reserved 1048576K
}
Event: 5.626 GC heap before
{Heap before GC invocations=16 (full 0):
 garbage-first heap   total 81920K, used 61075K [0x0000000080e00000, 0x0000000100000000)
  region size 1024K, 37 young (37888K), 4 survivors (4096K)
 Metaspace       used 60233K, committed 60800K, reserved 1114112K
  class space    used 8685K, committed 8960K, reserved 1048576K
}
Event: 5.631 GC heap after
{Heap after GC invocations=17 (full 0):
 garbage-first heap   total 81920K, used 29753K [0x0000000080e00000, 0x0000000100000000)
  region size 1024K, 4 young (4096K), 4 survivors (4096K)
 Metaspace       used 60233K, committed 60800K, reserved 1114112K
  class space    used 8685K, committed 8960K, reserved 1048576K
}
Event: 5.783 GC heap before
{Heap before GC invocations=18 (full 0):
 garbage-first heap   total 81920K, used 65593K [0x0000000080e00000, 0x0000000100000000)
  region size 1024K, 39 young (39936K), 4 survivors (4096K)
 Metaspace       used 60723K, committed 61312K, reserved 1114112K
  class space    used 8767K, committed 9024K, reserved 1048576K
}
Event: 5.787 GC heap after
{Heap after GC invocations=19 (full 0):
 garbage-first heap   total 81920K, used 30600K [0x0000000080e00000, 0x0000000100000000)
  region size 1024K, 3 young (3072K), 3 survivors (3072K)
 Metaspace       used 60723K, committed 61312K, reserved 1114112K
  class space    used 8767K, committed 9024K, reserved 1048576K
}
Event: 5.798 GC heap before
{Heap before GC invocations=19 (full 0):
 garbage-first heap   total 81920K, used 31624K [0x0000000080e00000, 0x0000000100000000)
  region size 1024K, 4 young (4096K), 3 survivors (3072K)
 Metaspace       used 60754K, committed 61312K, reserved 1114112K
  class space    used 8769K, committed 9024K, reserved 1048576K
}
Event: 5.800 GC heap after
{Heap after GC invocations=20 (full 0):
 garbage-first heap   total 81920K, used 30670K [0x0000000080e00000, 0x0000000100000000)
  region size 1024K, 1 young (1024K), 1 survivors (1024K)
 Metaspace       used 60754K, committed 61312K, reserved 1114112K
  class space    used 8769K, committed 9024K, reserved 1048576K
}
Event: 5.954 GC heap before
{Heap before GC invocations=20 (full 0):
 garbage-first heap   total 81920K, used 66510K [0x0000000080e00000, 0x0000000100000000)
  region size 1024K, 36 young (36864K), 1 survivors (1024K)
 Metaspace       used 61178K, committed 61760K, reserved 1114112K
  class space    used 8815K, committed 9088K, reserved 1048576K
}

