# JRE version: OpenJDK Runtime Environment Corretto-17.0.9.8.1 (17.0.9+8) (build 17.0.9+8-LTS)
# Java VM: OpenJDK 64-Bit Server VM Corretto-17.0.9.8.1 (17.0.9+8-LTS, mixed mode, emulated-client, sharing, tiered, compressed oops, compressed class ptrs, g1 gc, windows-amd64)
GC Precious Log:
 CPUs: 4 total, 4 available
 Memory: 8130M
 Large Page Support: Disabled
 NUMA Support: Disabled
 Compressed Oops: Enabled (32-bit)
 Heap Region Size: 1M
 Heap Min Capacity: 8M
 Heap Initial Capacity: 128M
 Heap Max Capacity: 2034M
 Pre-touch: Disabled
 Parallel Workers: 4
 Concurrent Workers: 1
 Concurrent Refinement Workers: 4
 Periodic GC: Disabled
Heap:
 garbage-first heap   total 102400K, used 45520K [0x0000000080e00000, 0x0000000100000000)
  region size 1024K, 4 young (4096K), 4 survivors (4096K)
 Metaspace       used 73943K, committed 74624K, reserved 1114112K
  class space    used 10412K, committed 10752K, reserved 1048576K
GC Heap History (20 events):
Event: 2483.252 GC heap after
{Heap after GC invocations=41 (full 2):
 garbage-first heap   total 119808K, used 40241K [0x0000000080e00000, 0x0000000100000000)
  region size 1024K, 2 young (2048K), 2 survivors (2048K)
 Metaspace       used 73304K, committed 73984K, reserved 1114112K
  class space    used 10334K, committed 10688K, reserved 1048576K
}
Event: 2677.277 GC heap before
{Heap before GC invocations=41 (full 2):
 garbage-first heap   total 119808K, used 101681K [0x0000000080e00000, 0x0000000100000000)
  region size 1024K, 62 young (63488K), 2 survivors (2048K)
 Metaspace       used 73305K, committed 73984K, reserved 1114112K
  class space    used 10334K, committed 10688K, reserved 1048576K
}
Event: 2677.284 GC heap after
{Heap after GC invocations=42 (full 2):
 garbage-first heap   total 119808K, used 40094K [0x0000000080e00000, 0x0000000100000000)
  region size 1024K, 2 young (2048K), 2 survivors (2048K)
 Metaspace       used 73305K, committed 73984K, reserved 1114112K
  class space    used 10334K, committed 10688K, reserved 1048576K
}
Event: 3083.241 GC heap before
{Heap before GC invocations=42 (full 2):
 garbage-first heap   total 119808K, used 102558K [0x0000000080e00000, 0x0000000100000000)
  region size 1024K, 63 young (64512K), 2 survivors (2048K)
 Metaspace       used 73305K, committed 73984K, reserved 1114112K
  class space    used 10334K, committed 10688K, reserved 1048576K
}
Event: 3083.243 GC heap after
{Heap after GC invocations=43 (full 2):
 garbage-first heap   total 119808K, used 39870K [0x0000000080e00000, 0x0000000100000000)
  region size 1024K, 2 young (2048K), 2 survivors (2048K)
 Metaspace       used 73305K, committed 73984K, reserved 1114112K
  class space    used 10334K, committed 10688K, reserved 1048576K
}
Event: 3478.178 GC heap before
{Heap before GC invocations=43 (full 2):
 garbage-first heap   total 119808K, used 102334K [0x0000000080e00000, 0x0000000100000000)
  region size 1024K, 63 young (64512K), 2 survivors (2048K)
 Metaspace       used 73310K, committed 74048K, reserved 1114112K
  class space    used 10335K, committed 10688K, reserved 1048576K
}
Event: 3478.180 GC heap after
{Heap after GC invocations=44 (full 2):
 garbage-first heap   total 119808K, used 39794K [0x0000000080e00000, 0x0000000100000000)
  region size 1024K, 2 young (2048K), 2 survivors (2048K)
 Metaspace       used 73310K, committed 74048K, reserved 1114112K
  class space    used 10335K, committed 10688K, reserved 1048576K
}
Event: 3478.185 GC heap before
{Heap before GC invocations=44 (full 2):
 garbage-first heap   total 119808K, used 40818K [0x0000000080e00000, 0x0000000100000000)
  region size 1024K, 4 young (4096K), 2 survivors (2048K)
 Metaspace       used 73310K, committed 74048K, reserved 1114112K
  class space    used 10335K, committed 10688K, reserved 1048576K
}
Event: 3478.240 GC heap after
{Heap after GC invocations=45 (full 3):
 garbage-first heap   total 102400K, used 29263K [0x0000000080e00000, 0x0000000100000000)
  region size 1024K, 0 young (0K), 0 survivors (0K)
 Metaspace       used 71548K, committed 73408K, reserved 1114112K
  class space    used 10157K, committed 10688K, reserved 1048576K
}
Event: 3479.981 GC heap before
{Heap before GC invocations=45 (full 3):
 garbage-first heap   total 102400K, used 87631K [0x0000000080e00000, 0x0000000100000000)
  region size 1024K, 58 young (59392K), 0 survivors (0K)
 Metaspace       used 72029K, committed 73408K, reserved 1114112K
  class space    used 10216K, committed 10688K, reserved 1048576K
}
Event: 3479.985 GC heap after
{Heap after GC invocations=46 (full 3):
 garbage-first heap   total 102400K, used 34822K [0x0000000080e00000, 0x0000000100000000)
  region size 1024K, 6 young (6144K), 6 survivors (6144K)
 Metaspace       used 72029K, committed 73408K, reserved 1114112K
  class space    used 10216K, committed 10688K, reserved 1048576K
}
Event: 3480.192 GC heap before
{Heap before GC invocations=46 (full 3):
 garbage-first heap   total 102400K, used 83974K [0x0000000080e00000, 0x0000000100000000)
  region size 1024K, 54 young (55296K), 6 survivors (6144K)
 Metaspace       used 72433K, committed 73408K, reserved 1114112K
  class space    used 10256K, committed 10688K, reserved 1048576K
}
Event: 3480.198 GC heap after
{Heap after GC invocations=47 (full 3):
 garbage-first heap   total 102400K, used 37506K [0x0000000080e00000, 0x0000000100000000)
  region size 1024K, 3 young (3072K), 3 survivors (3072K)
 Metaspace       used 72433K, committed 73408K, reserved 1114112K
  class space    used 10256K, committed 10688K, reserved 1048576K
}
Event: 3484.082 GC heap before
{Heap before GC invocations=47 (full 3):
 garbage-first heap   total 102400K, used 83586K [0x0000000080e00000, 0x0000000100000000)
  region size 1024K, 48 young (49152K), 3 survivors (3072K)
 Metaspace       used 72944K, committed 73664K, reserved 1114112K
  class space    used 10315K, committed 10688K, reserved 1048576K
}
Event: 3484.086 GC heap after
{Heap after GC invocations=48 (full 3):
 garbage-first heap   total 102400K, used 39321K [0x0000000080e00000, 0x0000000100000000)
  region size 1024K, 5 young (5120K), 5 survivors (5120K)
 Metaspace       used 72944K, committed 73664K, reserved 1114112K
  class space    used 10315K, committed 10688K, reserved 1048576K
}
Event: 3484.421 GC heap before
{Heap before GC invocations=48 (full 3):
 garbage-first heap   total 102400K, used 81305K [0x0000000080e00000, 0x0000000100000000)
  region size 1024K, 47 young (48128K), 5 survivors (5120K)
 Metaspace       used 73348K, committed 74048K, reserved 1114112K
  class space    used 10362K, committed 10688K, reserved 1048576K
}
Event: 3484.426 GC heap after
{Heap after GC invocations=49 (full 3):
 garbage-first heap   total 102400K, used 41972K [0x0000000080e00000, 0x0000000100000000)
  region size 1024K, 5 young (5120K), 5 survivors (5120K)
 Metaspace       used 73348K, committed 74048K, reserved 1114112K
  class space    used 10362K, committed 10688K, reserved 1048576K
}
Event: 3484.634 GC heap before
{Heap before GC invocations=49 (full 3):
 garbage-first heap   total 102400K, used 82932K [0x0000000080e00000, 0x0000000100000000)
  region size 1024K, 45 young (46080K), 5 survivors (5120K)
 Metaspace       used 73712K, committed 74432K, reserved 1114112K
  class space    used 10397K, committed 10752K, reserved 1048576K
}
Event: 3484.638 GC heap after
{Heap after GC invocations=50 (full 3):
 garbage-first heap   total 102400K, used 44278K [0x0000000080e00000, 0x0000000100000000)
  region size 1024K, 5 young (5120K), 5 survivors (5120K)
 Metaspace       used 73712K, committed 74432K, reserved 1114112K
  class space    used 10397K, committed 10752K, reserved 1048576K
}
Event: 3484.749 GC heap before
{Heap before GC invocations=50 (full 3):
 garbage-first heap   total 102400K, used 83190K [0x0000000080e00000, 0x0000000100000000)
  region size 1024K, 43 young (44032K), 5 survivors (5120K)
 Metaspace       used 73943K, committed 74624K, reserved 1114112K
  class space    used 10412K, committed 10752K, reserved 1048576K
}

